DEBUG 2022-04-22 11:39:28,983 - main

DEBUG 2022-04-22 11:39:28,984 - setup

DEBUG 2022-04-22 11:43:47,527 - main

DEBUG 2022-04-22 11:43:47,528 - setup

DEBUG 2022-04-22 11:44:24,982 - main

DEBUG 2022-04-22 11:44:24,983 - setup

DEBUG 2022-04-22 11:47:20,049 - main

DEBUG 2022-04-22 11:47:20,050 - setup

DEBUG 2022-04-22 11:47:45,819 - main

DEBUG 2022-04-22 11:47:45,820 - setup

DEBUG 2022-04-22 12:08:25,829 - main

DEBUG 2022-04-22 12:08:25,831 - setup

DEBUG 2022-04-22 12:12:45,643 - main

DEBUG 2022-04-22 12:12:45,644 - setup

DEBUG 2022-04-22 12:13:30,989 - main

DEBUG 2022-04-22 12:13:30,994 - setup

DEBUG 2022-04-22 12:14:02,425 - main

DEBUG 2022-04-22 12:14:02,426 - setup

DEBUG 2022-04-22 12:14:55,827 - main

DEBUG 2022-04-22 12:14:55,828 - setup

DEBUG 2022-04-22 12:19:25,960 - main

DEBUG 2022-04-22 12:19:25,961 - setup

DEBUG 2022-04-22 12:19:45,746 - main

DEBUG 2022-04-22 12:19:45,747 - setup

DEBUG 2022-04-22 12:20:54,330 - main

DEBUG 2022-04-22 12:20:54,331 - setup

DEBUG 2022-04-22 12:26:10,910 - main

DEBUG 2022-04-22 12:26:10,911 - setup

DEBUG 2022-04-22 12:27:58,703 - main

DEBUG 2022-04-22 12:27:58,704 - setup

DEBUG 2022-04-22 12:28:08,363 - main

DEBUG 2022-04-22 12:28:08,364 - setup

DEBUG 2022-04-22 12:30:12,641 - main

DEBUG 2022-04-22 12:30:12,642 - setup

DEBUG 2022-04-22 12:47:33,786 - main

DEBUG 2022-04-22 12:47:33,787 - setup

DEBUG 2022-04-22 12:50:27,784 - main

DEBUG 2022-04-22 12:50:27,785 - setup

DEBUG 2022-04-22 12:52:32,430 - main

DEBUG 2022-04-22 12:52:32,431 - setup

DEBUG 2022-04-22 12:53:35,706 - main

DEBUG 2022-04-22 12:53:35,708 - setup

DEBUG 2022-04-22 12:54:08,098 - main

DEBUG 2022-04-22 12:54:08,099 - setup

DEBUG 2022-04-22 12:55:27,956 - main

DEBUG 2022-04-22 12:55:27,957 - setup

DEBUG 2022-04-22 12:57:55,812 - main

DEBUG 2022-04-22 12:57:55,813 - setup

DEBUG 2022-04-22 12:58:48,942 - main

DEBUG 2022-04-22 12:58:48,943 - setup

DEBUG 2022-04-22 12:59:38,188 - main

DEBUG 2022-04-22 12:59:38,189 - setup

DEBUG 2022-04-22 12:59:44,631 - main

DEBUG 2022-04-22 12:59:44,632 - setup

DEBUG 2022-04-22 13:02:02,652 - main

DEBUG 2022-04-22 13:02:02,653 - setup

DEBUG 2022-04-22 13:07:22,360 - main

DEBUG 2022-04-22 13:07:22,361 - setup

DEBUG 2022-04-22 13:10:47,884 - main

DEBUG 2022-04-22 13:10:47,885 - setup

DEBUG 2022-04-22 13:11:27,584 - main

DEBUG 2022-04-22 13:11:27,585 - setup

DEBUG 2022-04-22 13:33:22,246 - main

DEBUG 2022-04-22 13:33:22,247 - setup

DEBUG 2022-04-22 13:33:53,422 - main

DEBUG 2022-04-22 13:33:53,423 - setup

DEBUG 2022-04-22 13:34:52,328 - main

DEBUG 2022-04-22 13:34:52,328 - setup

DEBUG 2022-04-22 13:37:15,217 - main

DEBUG 2022-04-22 13:37:15,218 - setup

DEBUG 2022-04-22 13:39:24,928 - main

DEBUG 2022-04-22 13:39:24,929 - setup

DEBUG 2022-04-22 13:40:14,106 - main

DEBUG 2022-04-22 13:40:14,107 - setup

DEBUG 2022-04-22 13:42:50,888 - main

DEBUG 2022-04-22 13:42:50,889 - setup

DEBUG 2022-04-22 13:46:36,275 - main

DEBUG 2022-04-22 13:46:36,277 - setup

DEBUG 2022-04-22 13:48:17,455 - main

DEBUG 2022-04-22 13:48:17,456 - setup

DEBUG 2022-04-22 13:48:59,178 - main

DEBUG 2022-04-22 13:48:59,179 - setup

DEBUG 2022-04-22 13:49:32,602 - main

DEBUG 2022-04-22 13:49:32,602 - setup

DEBUG 2022-04-22 13:50:09,036 - main

DEBUG 2022-04-22 13:50:09,037 - setup

DEBUG 2022-04-22 13:58:08,527 - main

DEBUG 2022-04-22 13:58:08,528 - setup

DEBUG 2022-04-22 13:59:15,509 - main

DEBUG 2022-04-22 13:59:15,510 - setup

DEBUG 2022-04-22 13:59:45,695 - main

DEBUG 2022-04-22 13:59:45,696 - setup

DEBUG 2022-04-22 14:00:16,046 - main

DEBUG 2022-04-22 14:00:16,047 - setup

DEBUG 2022-04-22 14:01:39,645 - main

DEBUG 2022-04-22 14:01:39,646 - setup

DEBUG 2022-04-22 14:01:50,862 - main

DEBUG 2022-04-22 14:01:50,863 - setup

DEBUG 2022-04-22 14:02:07,906 - main

DEBUG 2022-04-22 14:02:07,907 - setup

DEBUG 2022-04-22 14:03:11,109 - main

DEBUG 2022-04-22 14:03:11,109 - setup

DEBUG 2022-04-22 14:05:39,748 - main

DEBUG 2022-04-22 14:05:39,750 - setup

DEBUG 2022-04-22 14:06:08,193 - main

DEBUG 2022-04-22 14:06:08,195 - setup

DEBUG 2022-04-22 14:06:45,250 - main

DEBUG 2022-04-22 14:06:45,251 - setup

DEBUG 2022-04-22 14:09:03,488 - main

DEBUG 2022-04-22 14:09:03,489 - setup

DEBUG 2022-04-25 07:56:59,701 - main

DEBUG 2022-04-25 07:56:59,706 - setup

DEBUG 2022-04-25 07:58:48,523 - main

DEBUG 2022-04-25 07:58:48,528 - setup

DEBUG 2022-04-25 08:00:10,957 - main

DEBUG 2022-04-25 08:00:10,961 - setup

DEBUG 2022-04-25 08:03:30,762 - main

DEBUG 2022-04-25 08:03:30,763 - setup

DEBUG 2022-04-25 08:05:17,319 - main

DEBUG 2022-04-25 08:05:17,320 - setup

DEBUG 2022-04-25 08:07:51,134 - main

DEBUG 2022-04-25 08:07:51,135 - setup

DEBUG 2022-04-25 08:09:53,642 - main

DEBUG 2022-04-25 08:09:53,643 - setup

DEBUG 2022-04-25 08:10:41,731 - main

DEBUG 2022-04-25 08:10:41,732 - setup

DEBUG 2022-04-25 08:11:34,935 - main

DEBUG 2022-04-25 08:11:34,936 - setup

DEBUG 2022-04-25 08:12:10,763 - main

DEBUG 2022-04-25 08:12:10,764 - setup

DEBUG 2022-04-25 09:25:06,627 - main

DEBUG 2022-04-25 09:25:06,628 - setup

DEBUG 2022-04-25 09:25:18,109 - main

DEBUG 2022-04-25 09:25:18,110 - setup

DEBUG 2022-04-25 09:25:39,751 - main

DEBUG 2022-04-25 09:25:39,752 - setup

DEBUG 2022-04-25 09:27:49,427 - main

DEBUG 2022-04-25 09:27:49,428 - setup

DEBUG 2022-04-25 09:28:35,084 - main

DEBUG 2022-04-25 09:28:35,085 - setup

DEBUG 2022-04-25 09:29:26,717 - main

DEBUG 2022-04-25 09:29:26,718 - setup

DEBUG 2022-04-25 09:30:01,082 - main

DEBUG 2022-04-25 09:30:01,083 - setup

DEBUG 2022-04-25 09:30:14,767 - main

DEBUG 2022-04-25 09:30:14,768 - setup

DEBUG 2022-04-25 09:31:00,018 - main

DEBUG 2022-04-25 09:31:00,019 - setup

DEBUG 2022-04-25 09:31:58,981 - main

DEBUG 2022-04-25 09:31:58,982 - setup

DEBUG 2022-04-25 09:32:36,447 - main

DEBUG 2022-04-25 09:32:36,449 - setup

DEBUG 2022-04-25 09:33:37,312 - main

DEBUG 2022-04-25 09:33:37,313 - setup

DEBUG 2022-04-25 09:33:55,919 - main

DEBUG 2022-04-25 09:33:55,921 - setup

DEBUG 2022-04-25 09:34:22,724 - main

DEBUG 2022-04-25 09:34:22,724 - setup

DEBUG 2022-04-25 09:36:18,259 - main

DEBUG 2022-04-25 09:36:18,260 - setup

DEBUG 2022-04-25 09:37:27,907 - main

DEBUG 2022-04-25 09:37:27,908 - setup

DEBUG 2022-04-25 09:37:34,970 - main

DEBUG 2022-04-25 09:37:34,972 - setup

DEBUG 2022-04-25 09:38:40,313 - main

DEBUG 2022-04-25 09:38:40,314 - setup

DEBUG 2022-04-25 09:40:30,437 - main

DEBUG 2022-04-25 09:40:30,438 - setup

DEBUG 2022-04-25 09:41:29,055 - main

DEBUG 2022-04-25 09:41:29,056 - setup

DEBUG 2022-04-25 09:41:40,217 - main

DEBUG 2022-04-25 09:41:40,218 - setup

DEBUG 2022-04-25 09:41:52,080 - main

DEBUG 2022-04-25 09:41:52,081 - setup

DEBUG 2022-04-25 09:46:48,991 - main

DEBUG 2022-04-25 09:46:48,992 - setup

DEBUG 2022-04-25 09:48:17,563 - main

DEBUG 2022-04-25 09:48:17,563 - setup

DEBUG 2022-04-25 09:48:45,575 - main

DEBUG 2022-04-25 09:48:45,577 - setup

DEBUG 2022-04-25 09:48:58,739 - main

DEBUG 2022-04-25 09:48:58,740 - setup

DEBUG 2022-04-25 09:49:40,969 - main

DEBUG 2022-04-25 09:49:40,971 - setup

DEBUG 2022-04-25 09:51:30,097 - main

DEBUG 2022-04-25 09:51:30,097 - setup

DEBUG 2022-04-25 09:59:10,507 - main

DEBUG 2022-04-25 09:59:10,508 - setup

DEBUG 2022-04-25 10:09:22,726 - main

DEBUG 2022-04-25 10:09:22,727 - setup

DEBUG 2022-04-25 10:10:23,981 - main

DEBUG 2022-04-25 10:10:23,983 - setup

DEBUG 2022-04-25 10:10:33,188 - main

DEBUG 2022-04-25 10:10:33,189 - setup

DEBUG 2022-04-25 10:22:22,954 - main

DEBUG 2022-04-25 10:22:22,955 - setup

DEBUG 2022-04-25 10:22:57,925 - main

DEBUG 2022-04-25 10:22:57,927 - setup

DEBUG 2022-04-25 10:46:41,557 - main

DEBUG 2022-04-25 10:46:41,558 - setup

DEBUG 2022-04-25 10:46:57,180 - main

DEBUG 2022-04-25 10:46:57,181 - setup

DEBUG 2022-04-25 10:47:20,940 - main

DEBUG 2022-04-25 10:47:20,941 - setup

DEBUG 2022-04-25 10:48:01,387 - main

DEBUG 2022-04-25 10:48:01,389 - setup

DEBUG 2022-04-25 10:56:20,741 - main

DEBUG 2022-04-25 10:56:20,742 - setup

DEBUG 2022-04-25 11:07:32,814 - main

DEBUG 2022-04-25 11:07:32,815 - setup

DEBUG 2022-04-25 11:09:18,178 - main

DEBUG 2022-04-25 11:09:18,179 - setup

DEBUG 2022-04-25 11:09:36,668 - main

DEBUG 2022-04-25 11:09:36,669 - setup

DEBUG 2022-04-25 11:10:16,982 - main

DEBUG 2022-04-25 11:10:16,983 - setup

DEBUG 2022-04-25 11:11:13,131 - main

DEBUG 2022-04-25 11:11:13,132 - setup

DEBUG 2022-04-25 11:14:26,699 - main

DEBUG 2022-04-25 11:14:26,700 - setup

DEBUG 2022-04-25 11:14:56,729 - main

DEBUG 2022-04-25 11:14:56,730 - setup

DEBUG 2022-04-25 11:15:51,453 - main

DEBUG 2022-04-25 11:15:51,454 - setup

DEBUG 2022-04-25 11:17:14,531 - main

DEBUG 2022-04-25 11:17:14,532 - setup

DEBUG 2022-04-25 11:18:41,735 - main

DEBUG 2022-04-25 11:18:41,736 - setup

DEBUG 2022-04-25 11:20:41,677 - main

DEBUG 2022-04-25 11:20:41,678 - setup

DEBUG 2022-04-25 11:30:31,664 - main

DEBUG 2022-04-25 11:30:31,665 - setup

DEBUG 2022-04-25 11:42:25,982 - main

DEBUG 2022-04-25 11:42:25,984 - setup

DEBUG 2022-04-25 11:42:47,750 - main

DEBUG 2022-04-25 11:42:47,752 - setup

DEBUG 2022-04-25 11:57:28,747 - main

DEBUG 2022-04-25 11:57:28,748 - setup

DEBUG 2022-04-25 11:59:29,082 - main

DEBUG 2022-04-25 11:59:29,083 - setup

DEBUG 2022-04-25 12:01:48,975 - main

DEBUG 2022-04-25 12:01:48,976 - setup

DEBUG 2022-04-25 12:07:38,219 - main

DEBUG 2022-04-25 12:07:38,220 - setup

DEBUG 2022-04-25 12:08:51,130 - main

DEBUG 2022-04-25 12:08:51,131 - setup

DEBUG 2022-04-25 13:12:56,193 - main

DEBUG 2022-04-25 13:12:56,194 - setup

DEBUG 2022-04-25 13:14:01,501 - main

DEBUG 2022-04-25 13:14:01,503 - setup

DEBUG 2022-04-25 13:14:46,726 - main

DEBUG 2022-04-25 13:14:46,727 - setup

DEBUG 2022-04-25 13:15:17,134 - main

DEBUG 2022-04-25 13:15:17,135 - setup

DEBUG 2022-04-25 13:15:27,970 - main

DEBUG 2022-04-25 13:15:27,971 - setup

DEBUG 2022-04-25 13:15:37,427 - main

DEBUG 2022-04-25 13:15:37,428 - setup

DEBUG 2022-04-25 13:17:04,923 - main

DEBUG 2022-04-25 13:17:04,924 - setup

DEBUG 2022-04-25 13:17:51,506 - main

DEBUG 2022-04-25 13:17:51,507 - setup

DEBUG 2022-04-25 13:20:14,209 - main

DEBUG 2022-04-25 13:20:14,210 - setup

DEBUG 2022-04-25 13:20:53,380 - main

DEBUG 2022-04-25 13:20:53,381 - setup

DEBUG 2022-04-25 13:21:24,937 - main

DEBUG 2022-04-25 13:21:24,937 - setup

DEBUG 2022-04-25 13:32:03,981 - main

DEBUG 2022-04-25 13:32:03,981 - setup

DEBUG 2022-04-25 13:36:04,368 - main

DEBUG 2022-04-25 13:36:04,370 - setup

DEBUG 2022-04-25 13:39:00,882 - main

DEBUG 2022-04-25 13:39:00,883 - setup

DEBUG 2022-04-25 13:42:45,268 - main

DEBUG 2022-04-25 13:42:45,268 - setup

DEBUG 2022-04-25 13:59:23,502 - main

DEBUG 2022-04-25 13:59:23,504 - setup

DEBUG 2022-04-25 14:05:59,631 - main

DEBUG 2022-04-25 14:05:59,632 - setup

DEBUG 2022-04-25 14:06:56,296 - main

DEBUG 2022-04-25 14:06:56,297 - setup

DEBUG 2022-04-26 11:17:41,207 - main

DEBUG 2022-04-26 11:17:41,212 - setup

DEBUG 2022-04-26 11:18:55,990 - main

DEBUG 2022-04-26 11:18:55,992 - setup

DEBUG 2022-04-26 11:22:01,107 - main

DEBUG 2022-04-26 11:22:01,110 - setup

DEBUG 2022-04-26 11:27:31,311 - main

DEBUG 2022-04-26 11:27:31,313 - setup

DEBUG 2022-04-26 11:28:46,574 - main

DEBUG 2022-04-26 11:28:46,575 - setup

DEBUG 2022-04-26 11:30:08,775 - main

DEBUG 2022-04-26 11:30:08,777 - setup

DEBUG 2022-04-26 11:30:52,099 - main

DEBUG 2022-04-26 11:30:52,100 - setup

DEBUG 2022-04-26 11:31:20,459 - main

DEBUG 2022-04-26 11:31:20,460 - setup

DEBUG 2022-04-26 11:31:57,839 - main

DEBUG 2022-04-26 11:31:57,840 - setup

DEBUG 2022-04-26 11:37:50,416 - main

DEBUG 2022-04-26 11:37:50,417 - setup

DEBUG 2022-04-26 11:39:05,819 - main

DEBUG 2022-04-26 11:39:05,820 - setup

DEBUG 2022-04-26 11:41:51,043 - main

DEBUG 2022-04-26 11:41:51,044 - setup

DEBUG 2022-04-26 11:45:23,756 - main

DEBUG 2022-04-26 11:45:23,758 - setup

DEBUG 2022-04-26 11:47:05,374 - main

DEBUG 2022-04-26 11:47:05,375 - setup

DEBUG 2022-04-26 14:27:51,461 - main

DEBUG 2022-04-26 14:27:51,466 - setup

DEBUG 2022-04-26 14:29:17,906 - main

DEBUG 2022-04-26 14:29:17,908 - setup

DEBUG 2022-04-26 14:31:02,484 - main

DEBUG 2022-04-26 14:31:02,485 - setup

DEBUG 2022-04-26 14:31:20,066 - main

DEBUG 2022-04-26 14:31:20,067 - setup

DEBUG 2022-04-26 15:02:23,614 - main

DEBUG 2022-04-26 15:02:23,615 - setup

DEBUG 2022-04-26 15:04:44,033 - main

DEBUG 2022-04-26 15:04:44,034 - setup

DEBUG 2022-04-26 15:05:57,263 - main

DEBUG 2022-04-26 15:05:57,264 - setup

DEBUG 2022-04-26 15:07:40,595 - main

DEBUG 2022-04-26 15:07:40,596 - setup

DEBUG 2022-04-26 15:15:54,361 - main

DEBUG 2022-04-26 15:15:54,363 - setup

DEBUG 2022-04-26 15:18:43,613 - main

DEBUG 2022-04-26 15:18:43,614 - setup

DEBUG 2022-04-26 15:20:56,544 - main

DEBUG 2022-04-26 15:20:56,545 - setup

DEBUG 2022-04-26 15:23:04,696 - main

DEBUG 2022-04-26 15:23:04,697 - setup

DEBUG 2022-04-26 15:23:46,753 - main

DEBUG 2022-04-26 15:23:46,754 - setup

DEBUG 2022-04-26 15:23:57,589 - main

DEBUG 2022-04-26 15:23:57,590 - setup

DEBUG 2022-04-26 15:24:17,919 - main

DEBUG 2022-04-26 15:24:17,920 - setup

DEBUG 2022-04-26 15:24:42,578 - main

DEBUG 2022-04-26 15:24:42,579 - setup

DEBUG 2022-04-26 15:25:12,025 - main

DEBUG 2022-04-26 15:25:12,026 - setup

DEBUG 2022-04-26 15:26:45,631 - main

DEBUG 2022-04-26 15:26:45,631 - setup

DEBUG 2022-04-26 15:27:57,900 - main

DEBUG 2022-04-26 15:27:57,901 - setup

DEBUG 2022-04-26 15:28:34,026 - main

DEBUG 2022-04-26 15:28:34,027 - setup

DEBUG 2022-04-26 15:29:07,298 - main

DEBUG 2022-04-26 15:29:07,298 - setup

DEBUG 2022-04-26 15:29:31,373 - main

DEBUG 2022-04-26 15:29:31,374 - setup

DEBUG 2022-04-26 15:30:09,802 - main

DEBUG 2022-04-26 15:30:09,803 - setup

DEBUG 2022-04-26 15:30:39,596 - main

DEBUG 2022-04-26 15:30:39,596 - setup

DEBUG 2022-04-26 15:31:52,215 - main

DEBUG 2022-04-26 15:31:52,216 - setup

DEBUG 2022-04-26 15:32:59,198 - main

DEBUG 2022-04-26 15:32:59,199 - setup

DEBUG 2022-04-26 15:34:52,537 - main

DEBUG 2022-04-26 15:34:52,538 - setup

DEBUG 2022-04-26 15:38:12,534 - main

DEBUG 2022-04-26 15:38:12,535 - setup

DEBUG 2022-04-26 15:42:05,377 - main

DEBUG 2022-04-26 15:42:05,377 - setup

DEBUG 2022-04-26 16:00:17,885 - main

DEBUG 2022-04-26 16:00:17,886 - setup

DEBUG 2022-04-26 16:00:42,602 - main

DEBUG 2022-04-26 16:00:42,603 - setup

DEBUG 2022-04-26 17:53:14,790 - main

DEBUG 2022-04-26 17:53:14,792 - setup

DEBUG 2022-04-26 17:53:36,209 - main

DEBUG 2022-04-26 17:53:36,211 - setup

DEBUG 2022-04-26 17:53:58,988 - main

DEBUG 2022-04-26 17:53:58,990 - setup

DEBUG 2022-04-27 10:50:43,747 - main

DEBUG 2022-04-27 10:50:43,752 - setup

DEBUG 2022-04-27 11:01:24,026 - main

DEBUG 2022-04-27 11:01:24,031 - setup

DEBUG 2022-04-27 11:01:48,557 - main

DEBUG 2022-04-27 11:01:48,559 - setup

DEBUG 2022-04-27 11:02:50,617 - main

DEBUG 2022-04-27 11:02:50,619 - setup

DEBUG 2022-04-27 11:03:09,348 - main

DEBUG 2022-04-27 11:03:09,350 - setup

DEBUG 2022-04-27 11:04:10,840 - main

DEBUG 2022-04-27 11:04:10,841 - setup

DEBUG 2022-04-27 11:04:25,524 - main

DEBUG 2022-04-27 11:04:25,525 - setup

DEBUG 2022-04-27 11:04:46,475 - main

DEBUG 2022-04-27 11:04:46,476 - setup

DEBUG 2022-04-27 11:05:05,775 - main

DEBUG 2022-04-27 11:05:05,776 - setup

DEBUG 2022-04-27 11:09:57,791 - main

DEBUG 2022-04-27 11:09:57,793 - setup

DEBUG 2022-04-27 11:12:26,231 - main

DEBUG 2022-04-27 11:12:26,231 - setup

DEBUG 2022-04-27 11:12:39,751 - main

DEBUG 2022-04-27 11:12:39,752 - setup

DEBUG 2022-04-27 11:19:52,237 - main

DEBUG 2022-04-27 11:19:52,238 - setup

DEBUG 2022-04-27 11:49:51,636 - main

DEBUG 2022-04-27 11:49:51,637 - setup

DEBUG 2022-04-27 11:52:24,712 - main

DEBUG 2022-04-27 11:52:24,713 - setup

DEBUG 2022-04-27 12:15:55,598 - main

DEBUG 2022-04-27 12:15:55,599 - setup

DEBUG 2022-04-27 12:16:08,899 - main

DEBUG 2022-04-27 12:16:08,901 - setup

DEBUG 2022-04-27 12:16:24,962 - main

DEBUG 2022-04-27 12:16:24,963 - setup

DEBUG 2022-04-27 12:16:33,716 - main

DEBUG 2022-04-27 12:16:33,717 - setup

DEBUG 2022-04-27 12:18:03,711 - main

DEBUG 2022-04-27 12:18:03,712 - setup

DEBUG 2022-04-27 12:18:13,903 - main

DEBUG 2022-04-27 12:18:13,904 - setup

DEBUG 2022-04-27 12:18:25,500 - main

DEBUG 2022-04-27 12:18:25,500 - setup

DEBUG 2022-04-27 12:19:00,977 - main

DEBUG 2022-04-27 12:19:00,978 - setup

DEBUG 2022-04-27 12:22:25,710 - main

DEBUG 2022-04-27 12:22:25,711 - setup

DEBUG 2022-04-27 12:22:38,916 - main

DEBUG 2022-04-27 12:22:38,917 - setup

DEBUG 2022-04-27 12:22:48,119 - main

DEBUG 2022-04-27 12:22:48,119 - setup

DEBUG 2022-04-27 12:22:59,303 - main

DEBUG 2022-04-27 12:22:59,305 - setup

DEBUG 2022-04-27 12:23:21,140 - main

DEBUG 2022-04-27 12:23:21,141 - setup

DEBUG 2022-04-27 12:23:37,919 - main

DEBUG 2022-04-27 12:23:37,920 - setup

DEBUG 2022-04-27 12:23:46,795 - main

DEBUG 2022-04-27 12:23:46,796 - setup

DEBUG 2022-04-27 12:31:32,992 - main

DEBUG 2022-04-27 12:31:32,993 - setup

DEBUG 2022-04-27 12:32:27,422 - main

DEBUG 2022-04-27 12:32:27,422 - setup

DEBUG 2022-04-27 12:32:41,910 - main

DEBUG 2022-04-27 12:32:41,911 - setup

DEBUG 2022-04-27 12:47:40,793 - main

DEBUG 2022-04-27 12:47:40,794 - setup

DEBUG 2022-04-27 12:47:57,564 - main

DEBUG 2022-04-27 12:47:57,565 - setup

DEBUG 2022-04-27 12:48:05,289 - main

DEBUG 2022-04-27 12:48:05,290 - setup

DEBUG 2022-04-27 13:19:26,839 - main

DEBUG 2022-04-27 13:19:26,840 - setup

DEBUG 2022-04-27 13:19:41,089 - main

DEBUG 2022-04-27 13:19:41,090 - setup

DEBUG 2022-04-27 13:22:37,199 - main

DEBUG 2022-04-27 13:22:37,200 - setup

DEBUG 2022-04-27 13:23:13,591 - main

DEBUG 2022-04-27 13:23:13,592 - setup

DEBUG 2022-04-27 13:26:43,648 - main

DEBUG 2022-04-27 13:26:43,649 - setup

DEBUG 2022-04-27 13:26:58,669 - main

DEBUG 2022-04-27 13:26:58,670 - setup

DEBUG 2022-04-27 13:27:31,146 - main

DEBUG 2022-04-27 13:27:31,146 - setup

DEBUG 2022-04-27 13:28:00,012 - main

DEBUG 2022-04-27 13:28:00,013 - setup

DEBUG 2022-04-27 13:28:41,389 - main

DEBUG 2022-04-27 13:28:41,390 - setup

DEBUG 2022-04-27 13:28:56,794 - main

DEBUG 2022-04-27 13:28:56,795 - setup

DEBUG 2022-04-27 13:30:45,513 - main

DEBUG 2022-04-27 13:30:45,514 - setup

DEBUG 2022-04-27 13:31:01,069 - main

DEBUG 2022-04-27 13:31:01,070 - setup

DEBUG 2022-04-27 13:32:57,542 - main

DEBUG 2022-04-27 13:32:57,542 - setup

DEBUG 2022-04-27 13:33:29,280 - main

DEBUG 2022-04-27 13:33:29,281 - setup

DEBUG 2022-04-27 13:34:11,436 - main

DEBUG 2022-04-27 13:34:11,438 - setup

DEBUG 2022-04-27 13:34:56,019 - main

DEBUG 2022-04-27 13:34:56,020 - setup

DEBUG 2022-04-27 13:35:41,176 - main

DEBUG 2022-04-27 13:35:41,177 - setup

DEBUG 2022-04-27 13:36:54,333 - main

DEBUG 2022-04-27 13:36:54,334 - setup

DEBUG 2022-04-27 13:37:01,829 - main

DEBUG 2022-04-27 13:37:01,830 - setup

DEBUG 2022-04-27 13:44:00,263 - main

DEBUG 2022-04-27 13:44:00,264 - setup

DEBUG 2022-04-27 15:57:34,940 - main

DEBUG 2022-04-27 15:57:34,945 - setup

DEBUG 2022-04-27 16:06:31,843 - main

DEBUG 2022-04-27 16:06:31,847 - setup

DEBUG 2022-04-27 16:08:11,281 - main

DEBUG 2022-04-27 16:08:11,283 - setup

DEBUG 2022-04-27 16:08:25,584 - main

DEBUG 2022-04-27 16:08:25,586 - setup

DEBUG 2022-04-27 16:08:55,866 - main

DEBUG 2022-04-27 16:08:55,868 - setup

DEBUG 2022-04-27 16:19:25,639 - main

DEBUG 2022-04-27 16:19:25,642 - setup

DEBUG 2022-04-27 16:22:38,954 - main

DEBUG 2022-04-27 16:22:38,956 - setup

DEBUG 2022-04-27 16:26:02,826 - main

DEBUG 2022-04-27 16:26:02,828 - setup

DEBUG 2022-04-27 16:28:29,716 - main

DEBUG 2022-04-27 16:28:29,717 - setup

DEBUG 2022-04-27 16:31:11,127 - main

DEBUG 2022-04-27 16:31:11,128 - setup

DEBUG 2022-04-27 16:31:53,461 - main

DEBUG 2022-04-27 16:31:53,462 - setup

DEBUG 2022-04-27 16:32:02,453 - main

DEBUG 2022-04-27 16:32:02,454 - setup

DEBUG 2022-04-27 16:41:01,053 - main

DEBUG 2022-04-27 16:41:01,054 - setup

DEBUG 2022-04-27 16:41:18,502 - main

DEBUG 2022-04-27 16:41:18,503 - setup

DEBUG 2022-04-27 16:41:41,946 - main

DEBUG 2022-04-27 16:41:41,947 - setup

DEBUG 2022-04-27 16:41:56,711 - main

DEBUG 2022-04-27 16:41:56,712 - setup

DEBUG 2022-04-27 16:43:28,709 - main

DEBUG 2022-04-27 16:43:28,710 - setup

DEBUG 2022-04-27 16:43:45,937 - main

DEBUG 2022-04-27 16:43:45,938 - setup

DEBUG 2022-04-27 19:39:06,742 - main

DEBUG 2022-04-27 19:39:06,742 - setup

DEBUG 2022-04-27 19:39:32,689 - main

DEBUG 2022-04-27 19:39:32,690 - setup

DEBUG 2022-04-27 19:43:59,005 - main

DEBUG 2022-04-27 19:43:59,006 - setup

DEBUG 2022-04-27 19:44:07,703 - main

DEBUG 2022-04-27 19:44:07,704 - setup

DEBUG 2022-04-27 19:45:31,817 - main

DEBUG 2022-04-27 19:45:31,818 - setup

DEBUG 2022-04-27 19:56:35,758 - main

DEBUG 2022-04-27 19:56:35,760 - setup

DEBUG 2022-04-27 19:56:56,076 - main

DEBUG 2022-04-27 19:56:56,077 - setup

DEBUG 2022-04-27 19:57:17,631 - main

DEBUG 2022-04-27 19:57:17,632 - setup

DEBUG 2022-04-27 19:57:39,374 - main

DEBUG 2022-04-27 19:57:39,375 - setup

DEBUG 2022-04-27 19:57:46,793 - main

DEBUG 2022-04-27 19:57:46,794 - setup

DEBUG 2022-04-27 19:59:25,028 - main

DEBUG 2022-04-27 19:59:25,030 - setup

DEBUG 2022-04-27 19:59:32,679 - main

DEBUG 2022-04-27 19:59:32,680 - setup

DEBUG 2022-04-27 19:59:50,253 - main

DEBUG 2022-04-27 19:59:50,254 - setup

DEBUG 2022-04-28 12:19:11,779 - main

DEBUG 2022-04-28 12:19:11,784 - setup

DEBUG 2022-04-28 12:31:08,560 - main

DEBUG 2022-04-28 12:31:08,565 - setup

DEBUG 2022-04-28 12:31:37,558 - main

DEBUG 2022-04-28 12:31:37,559 - setup

DEBUG 2022-04-28 12:32:00,044 - main

DEBUG 2022-04-28 12:32:00,046 - setup

DEBUG 2022-04-28 12:35:09,783 - main

DEBUG 2022-04-28 12:35:09,785 - setup

DEBUG 2022-04-28 12:35:25,698 - main

DEBUG 2022-04-28 12:35:25,700 - setup

DEBUG 2022-04-28 12:36:27,608 - main

DEBUG 2022-04-28 12:36:27,611 - setup

DEBUG 2022-04-28 12:36:28,118 - the_draw_1

DEBUG 2022-04-28 12:36:28,118 - current_player == P1
DEBUG 2022-04-28 12:36:28,119 - the_draw_2
DEBUG 2022-04-28 12:43:33,598 - main

DEBUG 2022-04-28 12:43:33,601 - setup

DEBUG 2022-04-28 12:43:34,107 - the_draw_1

DEBUG 2022-04-28 12:43:34,108 - current_player == P1
DEBUG 2022-04-28 12:43:34,108 - the_draw_2
DEBUG 2022-04-28 12:45:27,423 - main

DEBUG 2022-04-28 12:45:27,426 - setup

DEBUG 2022-04-28 12:45:27,782 - the_draw_1

DEBUG 2022-04-28 12:45:27,783 - current_player == P1
DEBUG 2022-04-28 12:45:27,783 - the_draw_2
DEBUG 2022-04-28 13:04:51,561 - main

DEBUG 2022-04-28 13:04:51,562 - setup

DEBUG 2022-04-28 13:04:51,789 - the_draw_1

DEBUG 2022-04-28 13:04:51,790 - current_player == P1
DEBUG 2022-04-28 13:04:51,790 - the_draw_2
DEBUG 2022-04-28 13:11:46,923 - main

DEBUG 2022-04-28 13:11:46,924 - setup

DEBUG 2022-04-28 13:11:47,108 - the_draw_1

DEBUG 2022-04-28 13:11:47,108 - current_player == P1
DEBUG 2022-04-28 13:11:47,108 - the_draw_2
DEBUG 2022-04-28 13:26:19,971 - main

DEBUG 2022-04-28 13:26:19,971 - setup

DEBUG 2022-04-28 13:26:20,181 - the_draw_1

DEBUG 2022-04-28 13:26:20,182 - current_player == P1
DEBUG 2022-04-28 13:26:20,182 - the_draw_2
DEBUG 2022-04-28 13:26:43,208 - main

DEBUG 2022-04-28 13:26:43,209 - setup

DEBUG 2022-04-28 13:26:43,397 - the_draw_1

DEBUG 2022-04-28 13:26:43,398 - current_player == P1
DEBUG 2022-04-28 13:26:43,398 - the_draw_2
DEBUG 2022-04-28 13:43:41,826 - main

DEBUG 2022-04-28 13:43:41,827 - setup

DEBUG 2022-04-28 13:43:42,050 - the_draw_1

DEBUG 2022-04-28 13:43:42,050 - current_player == P1
DEBUG 2022-04-28 13:43:42,051 - the_draw_2
DEBUG 2022-04-28 13:46:47,979 - main

DEBUG 2022-04-28 13:46:47,980 - setup

DEBUG 2022-04-28 13:46:48,196 - the_draw_1

DEBUG 2022-04-28 13:46:48,196 - current_player == P1
DEBUG 2022-04-28 13:46:48,197 - the_draw_2
DEBUG 2022-04-28 14:00:46,322 - main

DEBUG 2022-04-28 14:00:46,323 - setup

DEBUG 2022-04-28 14:00:46,552 - the_draw_1

DEBUG 2022-04-28 14:00:46,553 - current_player == P1
DEBUG 2022-04-28 14:00:46,553 - the_draw_2
DEBUG 2022-04-28 14:01:56,451 - main

DEBUG 2022-04-28 14:01:56,452 - setup

DEBUG 2022-04-28 14:01:56,673 - the_draw_1

DEBUG 2022-04-28 14:01:56,673 - current_player == P1
DEBUG 2022-04-28 14:01:56,674 - the_draw_2
DEBUG 2022-04-28 14:04:10,014 - main

DEBUG 2022-04-28 14:04:10,015 - setup

DEBUG 2022-04-28 14:04:10,197 - the_draw_1

DEBUG 2022-04-28 14:04:10,197 - current_player == P1
DEBUG 2022-04-28 14:04:10,197 - the_draw_2
DEBUG 2022-04-28 14:06:23,359 - main

DEBUG 2022-04-28 14:06:23,360 - setup

DEBUG 2022-04-28 14:06:23,586 - the_draw_1

DEBUG 2022-04-28 14:06:23,586 - current_player == P1
DEBUG 2022-04-28 14:06:23,587 - the_draw_2
DEBUG 2022-04-28 14:08:45,374 - main

DEBUG 2022-04-28 14:08:45,376 - setup

DEBUG 2022-04-28 14:08:45,592 - the_draw_1

DEBUG 2022-04-28 14:08:45,592 - current_player == P1
DEBUG 2022-04-28 14:08:45,594 - the_draw_2
DEBUG 2022-04-28 14:11:27,525 - main

DEBUG 2022-04-28 14:11:27,526 - setup

DEBUG 2022-04-28 14:11:27,742 - the_draw_1

DEBUG 2022-04-28 14:11:27,742 - current_player == P1
DEBUG 2022-04-28 14:11:27,743 - the_draw_2
DEBUG 2022-04-28 14:14:30,823 - main

DEBUG 2022-04-28 14:14:30,824 - setup

DEBUG 2022-04-28 14:14:31,039 - the_draw_1

DEBUG 2022-04-28 14:14:31,039 - current_player == P1
DEBUG 2022-04-28 14:14:31,040 - the_draw_2
DEBUG 2022-04-28 14:19:36,548 - main

DEBUG 2022-04-28 14:19:36,549 - setup

DEBUG 2022-04-28 14:19:36,775 - the_draw_1

DEBUG 2022-04-28 14:19:36,775 - current_player == P1
DEBUG 2022-04-28 14:19:36,775 - the_draw_2
DEBUG 2022-04-28 14:24:30,109 - main

DEBUG 2022-04-28 14:24:30,110 - setup

DEBUG 2022-04-28 14:24:30,349 - the_draw_1

DEBUG 2022-04-28 14:24:30,349 - current_player == P1
DEBUG 2022-04-28 14:24:30,349 - the_draw_2
DEBUG 2022-04-28 14:27:32,012 - main

DEBUG 2022-04-28 14:27:32,013 - setup

DEBUG 2022-04-28 14:27:32,242 - the_draw_1

DEBUG 2022-04-28 14:27:32,243 - current_player == P1
DEBUG 2022-04-28 14:27:32,243 - the_draw_2
DEBUG 2022-04-28 14:27:57,703 - main

DEBUG 2022-04-28 14:27:57,704 - setup

DEBUG 2022-04-28 14:27:57,930 - the_draw_1

DEBUG 2022-04-28 14:27:57,930 - current_player == P1
DEBUG 2022-04-28 14:27:57,931 - the_draw_2
DEBUG 2022-04-28 14:28:37,262 - main

DEBUG 2022-04-28 14:28:37,263 - setup

DEBUG 2022-04-28 14:28:37,479 - the_draw_1

DEBUG 2022-04-28 14:28:37,479 - current_player == P1
DEBUG 2022-04-28 14:28:37,480 - the_draw_2
DEBUG 2022-04-28 14:29:06,334 - main

DEBUG 2022-04-28 14:29:06,335 - setup

DEBUG 2022-04-28 14:29:06,567 - the_draw_1

DEBUG 2022-04-28 14:29:06,567 - current_player == P1
DEBUG 2022-04-28 14:29:06,567 - the_draw_2
DEBUG 2022-04-28 14:31:45,674 - main

DEBUG 2022-04-28 14:31:45,675 - setup

DEBUG 2022-04-28 14:31:45,899 - the_draw_1

DEBUG 2022-04-28 14:31:45,900 - current_player == P1
DEBUG 2022-04-28 14:31:45,900 - the_draw_2
DEBUG 2022-04-28 14:34:31,843 - main

DEBUG 2022-04-28 14:34:31,844 - setup

DEBUG 2022-04-28 14:34:32,076 - the_draw_1

DEBUG 2022-04-28 14:34:32,076 - current_player == P1
DEBUG 2022-04-28 14:34:32,078 - the_draw_2
DEBUG 2022-04-28 14:36:11,220 - main

DEBUG 2022-04-28 14:36:11,221 - setup

DEBUG 2022-04-28 14:38:34,955 - main

DEBUG 2022-04-28 14:38:34,956 - setup

DEBUG 2022-04-28 14:39:41,184 - main

DEBUG 2022-04-28 14:39:41,185 - setup

DEBUG 2022-04-28 14:39:53,663 - main

DEBUG 2022-04-28 14:39:53,664 - setup

DEBUG 2022-04-28 14:40:09,231 - main

DEBUG 2022-04-28 14:40:09,232 - setup

DEBUG 2022-04-28 15:17:52,437 - main

DEBUG 2022-04-28 15:17:52,438 - setup

DEBUG 2022-04-28 15:22:34,159 - main

DEBUG 2022-04-28 15:22:34,160 - setup

DEBUG 2022-04-28 15:23:55,485 - main

DEBUG 2022-04-28 15:23:55,486 - setup

DEBUG 2022-04-28 15:26:18,711 - main

DEBUG 2022-04-28 15:26:18,712 - setup

DEBUG 2022-04-28 15:29:59,778 - main

DEBUG 2022-04-28 15:29:59,779 - setup

DEBUG 2022-04-28 15:30:30,642 - main

DEBUG 2022-04-28 15:30:30,643 - setup

DEBUG 2022-04-28 15:30:51,457 - main

DEBUG 2022-04-28 15:30:51,458 - setup

DEBUG 2022-04-28 15:31:42,186 - main

DEBUG 2022-04-28 15:31:42,187 - setup

DEBUG 2022-04-28 15:34:00,929 - main

DEBUG 2022-04-28 15:34:00,930 - setup

DEBUG 2022-04-28 15:34:01,144 - the_draw_1

DEBUG 2022-04-28 15:34:01,144 - current_player == P1
DEBUG 2022-04-28 15:34:01,147 - the_draw_2
DEBUG 2022-04-28 15:42:28,361 - main

DEBUG 2022-04-28 15:42:28,362 - setup

DEBUG 2022-04-28 15:42:28,582 - the_draw_1

DEBUG 2022-04-28 15:42:28,582 - current_player == P1
DEBUG 2022-04-28 15:42:28,582 - the_draw_2
DEBUG 2022-04-28 15:47:48,520 - main

DEBUG 2022-04-28 15:47:48,521 - setup

DEBUG 2022-04-28 15:47:48,746 - the_draw_1

DEBUG 2022-04-28 15:47:48,746 - current_player == P1
DEBUG 2022-04-28 15:47:48,747 - the_draw_2
DEBUG 2022-04-28 16:19:08,228 - main

DEBUG 2022-04-28 16:19:08,230 - setup

DEBUG 2022-04-28 16:19:08,416 - the_draw_1

DEBUG 2022-04-28 16:19:08,416 - current_player == P1
DEBUG 2022-04-28 16:19:08,416 - the_draw_2
DEBUG 2022-04-28 16:19:58,355 - main

DEBUG 2022-04-28 16:19:58,357 - setup

DEBUG 2022-04-28 16:19:58,568 - the_draw_1

DEBUG 2022-04-28 16:19:58,568 - current_player == P1
DEBUG 2022-04-28 16:19:58,571 - the_draw_2
DEBUG 2022-04-28 16:20:53,294 - main

DEBUG 2022-04-28 16:20:53,295 - setup

DEBUG 2022-04-28 16:20:53,519 - the_draw_1

DEBUG 2022-04-28 16:20:53,519 - current_player == P1
DEBUG 2022-04-28 16:20:53,520 - the_draw_2
DEBUG 2022-04-28 16:28:58,954 - main

DEBUG 2022-04-28 16:28:58,955 - setup

DEBUG 2022-04-28 16:28:59,130 - the_draw_1

DEBUG 2022-04-28 16:28:59,130 - current_player == P1
DEBUG 2022-04-28 16:28:59,131 - the_draw_2
DEBUG 2022-04-28 16:31:26,474 - main

DEBUG 2022-04-28 16:31:26,475 - setup

DEBUG 2022-04-28 16:31:26,706 - the_draw_1

DEBUG 2022-04-28 16:31:26,707 - current_player == P1
DEBUG 2022-04-28 16:31:26,707 - the_draw_2
DEBUG 2022-04-28 16:32:16,176 - main

DEBUG 2022-04-28 16:32:16,177 - setup

DEBUG 2022-04-28 16:32:16,393 - the_draw_1

DEBUG 2022-04-28 16:32:16,393 - current_player == P1
DEBUG 2022-04-28 16:32:16,394 - the_draw_2
DEBUG 2022-04-28 16:35:39,287 - main

DEBUG 2022-04-28 16:35:39,289 - setup

DEBUG 2022-04-28 16:35:39,513 - the_draw_1

DEBUG 2022-04-28 16:35:39,514 - current_player == P1
DEBUG 2022-04-28 16:35:39,514 - the_draw_2
DEBUG 2022-04-28 16:36:22,612 - main

DEBUG 2022-04-28 16:36:22,613 - setup

DEBUG 2022-04-28 16:36:22,738 - the_draw_1

DEBUG 2022-04-28 16:36:22,738 - current_player == P1
DEBUG 2022-04-28 16:36:22,739 - the_draw_2
DEBUG 2022-04-28 16:40:51,027 - main

DEBUG 2022-04-28 16:40:51,028 - setup

DEBUG 2022-04-28 16:40:51,249 - the_draw_1

DEBUG 2022-04-28 16:40:51,249 - current_player == P1
DEBUG 2022-04-28 16:40:51,252 - the_draw_2
DEBUG 2022-04-28 16:44:49,035 - main

DEBUG 2022-04-28 16:44:49,036 - setup

DEBUG 2022-04-28 16:44:49,251 - the_draw_1

DEBUG 2022-04-28 16:44:49,251 - current_player == P1
DEBUG 2022-04-28 16:44:49,252 - the_draw_2
DEBUG 2022-04-28 17:36:51,289 - main

DEBUG 2022-04-28 17:36:51,290 - setup

DEBUG 2022-04-28 17:36:51,490 - the_draw_1

DEBUG 2022-04-28 17:36:51,491 - current_player == P1
DEBUG 2022-04-28 17:36:51,491 - the_draw_2
DEBUG 2022-04-28 17:38:13,676 - main

DEBUG 2022-04-28 17:38:13,677 - setup

DEBUG 2022-04-28 17:38:13,893 - the_draw_1

DEBUG 2022-04-28 17:38:13,893 - current_player == P1
DEBUG 2022-04-28 17:38:13,894 - the_draw_2
DEBUG 2022-04-28 17:40:41,061 - main

DEBUG 2022-04-28 17:40:41,062 - setup

DEBUG 2022-04-28 17:40:41,275 - the_draw_1

DEBUG 2022-04-28 17:40:41,275 - current_player == P1
DEBUG 2022-04-28 17:40:41,276 - the_draw_2
DEBUG 2022-04-28 17:41:18,236 - main

DEBUG 2022-04-28 17:41:18,237 - setup

DEBUG 2022-04-28 17:41:18,418 - the_draw_1

DEBUG 2022-04-28 17:41:18,418 - current_player == P1
DEBUG 2022-04-28 17:41:18,419 - the_draw_2
DEBUG 2022-04-28 17:54:56,720 - main

DEBUG 2022-04-28 17:54:56,721 - setup

DEBUG 2022-04-28 17:55:27,224 - main

DEBUG 2022-04-28 17:55:27,224 - setup

DEBUG 2022-04-28 17:56:22,543 - main

DEBUG 2022-04-28 17:56:22,544 - setup

DEBUG 2022-04-28 17:56:47,513 - main

DEBUG 2022-04-28 17:56:47,514 - setup

DEBUG 2022-04-28 17:59:19,747 - main

DEBUG 2022-04-28 17:59:19,748 - setup

DEBUG 2022-04-28 18:00:25,755 - main

DEBUG 2022-04-28 18:00:25,756 - setup

DEBUG 2022-04-29 11:23:01,987 - main

DEBUG 2022-04-29 11:23:01,988 - setup

DEBUG 2022-04-29 11:23:36,630 - main

DEBUG 2022-04-29 11:23:36,632 - setup

DEBUG 2022-04-29 11:26:10,631 - main

DEBUG 2022-04-29 11:26:10,633 - setup

DEBUG 2022-04-29 11:27:53,214 - main

DEBUG 2022-04-29 11:27:53,216 - setup

DEBUG 2022-04-29 11:28:50,503 - main

DEBUG 2022-04-29 11:28:50,505 - setup

DEBUG 2022-04-29 11:28:50,981 - the_draw_1

DEBUG 2022-04-29 11:28:50,982 - current_player == P1
DEBUG 2022-04-29 11:28:50,982 - the_draw_2
DEBUG 2022-04-29 11:35:51,181 - main

DEBUG 2022-04-29 11:35:51,182 - setup

DEBUG 2022-04-29 11:35:51,416 - the_draw_1

DEBUG 2022-04-29 11:35:51,416 - current_player == P1
DEBUG 2022-04-29 11:35:51,417 - the_draw_2
DEBUG 2022-04-29 11:36:15,288 - main

DEBUG 2022-04-29 11:36:15,290 - setup

DEBUG 2022-04-29 11:36:15,509 - the_draw_1

DEBUG 2022-04-29 11:36:15,510 - current_player == P1
DEBUG 2022-04-29 11:36:15,510 - the_draw_2
DEBUG 2022-04-29 11:36:33,076 - main

DEBUG 2022-04-29 11:36:33,077 - setup

DEBUG 2022-04-29 11:36:33,296 - the_draw_1

DEBUG 2022-04-29 11:36:33,297 - current_player == P1
DEBUG 2022-04-29 11:36:33,297 - the_draw_2
DEBUG 2022-04-29 11:36:57,736 - main

DEBUG 2022-04-29 11:36:57,737 - setup

DEBUG 2022-04-29 11:36:57,967 - the_draw_1

DEBUG 2022-04-29 11:36:57,967 - current_player == P1
DEBUG 2022-04-29 11:36:57,967 - the_draw_2
DEBUG 2022-04-29 11:57:50,585 - main

DEBUG 2022-04-29 11:57:50,586 - setup

DEBUG 2022-04-29 11:57:50,812 - the_draw_1

DEBUG 2022-04-29 11:57:50,812 - current_player == P1
DEBUG 2022-04-29 11:57:50,812 - the_draw_2
DEBUG 2022-04-29 11:59:23,935 - main

DEBUG 2022-04-29 11:59:23,936 - setup

DEBUG 2022-04-29 11:59:24,156 - the_draw_1

DEBUG 2022-04-29 11:59:24,156 - current_player == P1
DEBUG 2022-04-29 11:59:24,159 - the_draw_2
DEBUG 2022-04-29 12:00:05,538 - main

DEBUG 2022-04-29 12:00:05,539 - setup

DEBUG 2022-04-29 12:00:05,761 - the_draw_1

DEBUG 2022-04-29 12:00:05,761 - current_player == P1
DEBUG 2022-04-29 12:00:05,761 - the_draw_2
DEBUG 2022-04-29 12:02:12,920 - main

DEBUG 2022-04-29 12:02:12,921 - setup

DEBUG 2022-04-29 12:02:13,138 - the_draw_1

DEBUG 2022-04-29 12:02:13,139 - current_player == P1
DEBUG 2022-04-29 12:02:13,139 - the_draw_2
DEBUG 2022-04-29 12:51:22,859 - main

DEBUG 2022-04-29 12:51:22,860 - setup

DEBUG 2022-04-29 12:51:23,107 - the_draw_1

DEBUG 2022-04-29 12:51:23,107 - current_player == P1
DEBUG 2022-04-29 12:51:23,108 - the_draw_2
DEBUG 2022-04-29 12:52:54,417 - main

DEBUG 2022-04-29 12:52:54,418 - setup

DEBUG 2022-04-29 12:52:54,610 - the_draw_1

DEBUG 2022-04-29 12:52:54,610 - current_player == P1
DEBUG 2022-04-29 12:52:54,610 - the_draw_2
DEBUG 2022-04-29 12:59:24,173 - main

DEBUG 2022-04-29 12:59:24,174 - setup

DEBUG 2022-04-29 12:59:24,406 - the_draw_1

DEBUG 2022-04-29 12:59:24,406 - current_player == P1
DEBUG 2022-04-29 12:59:24,406 - the_draw_2
DEBUG 2022-04-29 12:59:40,235 - main

DEBUG 2022-04-29 12:59:40,236 - setup

DEBUG 2022-04-29 12:59:40,456 - the_draw_1

DEBUG 2022-04-29 12:59:40,457 - current_player == P1
DEBUG 2022-04-29 12:59:40,457 - the_draw_2
DEBUG 2022-04-29 13:01:06,665 - main

DEBUG 2022-04-29 13:01:06,666 - setup

DEBUG 2022-04-29 13:01:06,892 - the_draw_1

DEBUG 2022-04-29 13:01:06,892 - current_player == P1
DEBUG 2022-04-29 13:01:06,893 - the_draw_2
DEBUG 2022-04-29 13:01:51,038 - main

DEBUG 2022-04-29 13:01:51,039 - setup

DEBUG 2022-04-29 13:01:51,258 - the_draw_1

DEBUG 2022-04-29 13:01:51,258 - current_player == P1
DEBUG 2022-04-29 13:01:51,260 - the_draw_2
DEBUG 2022-04-29 13:04:39,212 - main

DEBUG 2022-04-29 13:04:39,212 - setup

DEBUG 2022-04-29 13:04:39,439 - the_draw_1

DEBUG 2022-04-29 13:04:39,439 - current_player == P1
DEBUG 2022-04-29 13:04:39,439 - the_draw_2
DEBUG 2022-04-29 13:05:46,957 - main

DEBUG 2022-04-29 13:05:46,958 - setup

DEBUG 2022-04-29 13:05:47,178 - the_draw_1

DEBUG 2022-04-29 13:05:47,178 - current_player == P1
DEBUG 2022-04-29 13:05:47,178 - the_draw_2
DEBUG 2022-04-29 13:16:59,181 - main

DEBUG 2022-04-29 13:16:59,183 - setup

DEBUG 2022-04-29 13:16:59,397 - the_draw_1

DEBUG 2022-04-29 13:16:59,398 - current_player == P1
DEBUG 2022-04-29 13:16:59,400 - the_draw_2
DEBUG 2022-04-29 13:17:21,361 - main

DEBUG 2022-04-29 13:17:21,362 - setup

DEBUG 2022-04-29 13:17:21,532 - the_draw_1

DEBUG 2022-04-29 13:17:21,532 - current_player == P1
DEBUG 2022-04-29 13:17:21,532 - the_draw_2
DEBUG 2022-04-29 13:18:19,297 - main

DEBUG 2022-04-29 13:18:19,299 - setup

DEBUG 2022-04-29 13:18:19,511 - the_draw_1

DEBUG 2022-04-29 13:18:19,511 - current_player == P1
DEBUG 2022-04-29 13:18:19,512 - the_draw_2
DEBUG 2022-04-29 13:18:30,230 - main

DEBUG 2022-04-29 13:18:30,231 - setup

DEBUG 2022-04-29 13:18:30,446 - the_draw_1

DEBUG 2022-04-29 13:18:30,447 - current_player == P1
DEBUG 2022-04-29 13:18:30,447 - the_draw_2
DEBUG 2022-04-29 13:18:55,726 - main

DEBUG 2022-04-29 13:18:55,727 - setup

DEBUG 2022-04-29 13:18:55,951 - the_draw_1

DEBUG 2022-04-29 13:18:55,951 - current_player == P1
DEBUG 2022-04-29 13:18:55,951 - the_draw_2
DEBUG 2022-04-29 13:19:14,705 - main

DEBUG 2022-04-29 13:19:14,706 - setup

DEBUG 2022-04-29 13:19:14,936 - the_draw_1

DEBUG 2022-04-29 13:19:14,936 - current_player == P1
DEBUG 2022-04-29 13:19:14,937 - the_draw_2
DEBUG 2022-04-29 13:20:00,744 - main

DEBUG 2022-04-29 13:20:00,745 - setup

DEBUG 2022-04-29 13:20:00,973 - the_draw_1

DEBUG 2022-04-29 13:20:00,974 - current_player == P1
DEBUG 2022-04-29 13:20:00,975 - the_draw_2
DEBUG 2022-04-29 13:21:44,487 - main

DEBUG 2022-04-29 13:21:44,488 - setup

DEBUG 2022-04-29 13:21:44,695 - the_draw_1

DEBUG 2022-04-29 13:21:44,695 - current_player == P1
DEBUG 2022-04-29 13:21:44,696 - the_draw_2
DEBUG 2022-04-29 13:25:12,751 - main

DEBUG 2022-04-29 13:25:12,752 - setup

DEBUG 2022-04-29 13:25:12,960 - the_draw_1

DEBUG 2022-04-29 13:25:12,960 - current_player == P1
DEBUG 2022-04-29 13:25:12,960 - the_draw_2
DEBUG 2022-04-29 13:28:20,089 - main

DEBUG 2022-04-29 13:28:20,090 - setup

DEBUG 2022-04-29 13:28:20,304 - the_draw_1

DEBUG 2022-04-29 13:28:20,305 - current_player == P1
DEBUG 2022-04-29 13:28:20,305 - the_draw_2
DEBUG 2022-04-29 13:28:53,653 - main

DEBUG 2022-04-29 13:28:53,655 - setup

DEBUG 2022-04-29 13:28:53,829 - the_draw_1

DEBUG 2022-04-29 13:28:53,829 - current_player == P1
DEBUG 2022-04-29 13:28:53,829 - the_draw_2
DEBUG 2022-04-29 13:29:28,454 - main

DEBUG 2022-04-29 13:29:28,455 - setup

DEBUG 2022-04-29 13:29:28,660 - the_draw_1

DEBUG 2022-04-29 13:29:28,660 - current_player == P1
DEBUG 2022-04-29 13:29:28,660 - the_draw_2
DEBUG 2022-04-29 13:29:47,842 - main

DEBUG 2022-04-29 13:29:47,843 - setup

DEBUG 2022-04-29 13:29:48,046 - the_draw_1

DEBUG 2022-04-29 13:29:48,046 - current_player == P1
DEBUG 2022-04-29 13:29:48,046 - the_draw_2
DEBUG 2022-04-29 13:30:08,432 - main

DEBUG 2022-04-29 13:30:08,433 - setup

DEBUG 2022-04-29 13:30:08,637 - the_draw_1

DEBUG 2022-04-29 13:30:08,637 - current_player == P1
DEBUG 2022-04-29 13:30:08,640 - the_draw_2
DEBUG 2022-04-29 13:30:50,150 - main

DEBUG 2022-04-29 13:30:50,151 - setup

DEBUG 2022-04-29 13:30:50,359 - the_draw_1

DEBUG 2022-04-29 13:30:50,360 - current_player == P1
DEBUG 2022-04-29 13:30:50,360 - the_draw_2
DEBUG 2022-04-29 13:31:30,934 - main

DEBUG 2022-04-29 13:31:30,935 - setup

DEBUG 2022-04-29 13:31:31,138 - the_draw_1

DEBUG 2022-04-29 13:31:31,138 - current_player == P1
DEBUG 2022-04-29 13:31:31,138 - the_draw_2
DEBUG 2022-04-29 13:32:45,227 - main

DEBUG 2022-04-29 13:32:45,228 - setup

DEBUG 2022-04-29 13:32:45,404 - the_draw_1

DEBUG 2022-04-29 13:32:45,405 - current_player == P1
DEBUG 2022-04-29 13:32:45,405 - the_draw_2
DEBUG 2022-04-29 13:33:09,453 - main

DEBUG 2022-04-29 13:33:09,454 - setup

DEBUG 2022-04-29 13:33:09,654 - the_draw_1

DEBUG 2022-04-29 13:33:09,655 - current_player == P1
DEBUG 2022-04-29 13:33:09,657 - the_draw_2
DEBUG 2022-04-29 13:33:29,964 - main

DEBUG 2022-04-29 13:33:29,964 - setup

DEBUG 2022-04-29 13:33:30,161 - the_draw_1

DEBUG 2022-04-29 13:33:30,161 - current_player == P1
DEBUG 2022-04-29 13:33:30,162 - the_draw_2
DEBUG 2022-04-29 13:33:37,026 - main

DEBUG 2022-04-29 13:33:37,027 - setup

DEBUG 2022-04-29 13:33:37,230 - the_draw_1

DEBUG 2022-04-29 13:33:37,230 - current_player == P1
DEBUG 2022-04-29 13:33:37,231 - the_draw_2
DEBUG 2022-04-29 13:35:04,719 - main

DEBUG 2022-04-29 13:35:04,720 - setup

DEBUG 2022-04-29 13:35:04,939 - the_draw_1

DEBUG 2022-04-29 13:35:04,939 - current_player == P1
DEBUG 2022-04-29 13:35:04,939 - the_draw_2
DEBUG 2022-04-29 13:35:18,336 - main

DEBUG 2022-04-29 13:35:18,337 - setup

DEBUG 2022-04-29 13:35:18,538 - the_draw_1

DEBUG 2022-04-29 13:35:18,538 - current_player == P1
DEBUG 2022-04-29 13:35:18,539 - the_draw_2
DEBUG 2022-04-29 13:35:40,699 - main

DEBUG 2022-04-29 13:35:40,700 - setup

DEBUG 2022-04-29 13:35:40,898 - the_draw_1

DEBUG 2022-04-29 13:35:40,899 - current_player == P1
DEBUG 2022-04-29 13:35:40,899 - the_draw_2
DEBUG 2022-04-29 13:37:31,923 - main

DEBUG 2022-04-29 13:37:31,924 - setup

DEBUG 2022-04-29 13:37:32,094 - the_draw_1

DEBUG 2022-04-29 13:37:32,094 - current_player == P1
DEBUG 2022-04-29 13:37:32,094 - the_draw_2
DEBUG 2022-04-29 13:39:41,542 - main

DEBUG 2022-04-29 13:39:41,543 - setup

DEBUG 2022-04-29 13:39:41,743 - the_draw_1

DEBUG 2022-04-29 13:39:41,743 - current_player == P1
DEBUG 2022-04-29 13:39:41,743 - the_draw_2
DEBUG 2022-04-29 13:40:00,885 - main

DEBUG 2022-04-29 13:40:00,886 - setup

DEBUG 2022-04-29 13:40:01,084 - the_draw_1

DEBUG 2022-04-29 13:40:01,085 - current_player == P1
DEBUG 2022-04-29 13:40:01,085 - the_draw_2
DEBUG 2022-04-29 13:40:33,914 - main

DEBUG 2022-04-29 13:40:33,914 - setup

DEBUG 2022-04-29 13:40:34,090 - the_draw_1

DEBUG 2022-04-29 13:40:34,090 - current_player == P1
DEBUG 2022-04-29 13:40:34,090 - the_draw_2
DEBUG 2022-04-29 13:43:42,612 - main

DEBUG 2022-04-29 13:43:42,613 - setup

DEBUG 2022-04-29 13:43:42,821 - the_draw_1

DEBUG 2022-04-29 13:43:42,821 - current_player == P1
DEBUG 2022-04-29 13:43:42,821 - the_draw_2
DEBUG 2022-04-29 13:43:54,897 - main

DEBUG 2022-04-29 13:43:54,898 - setup

DEBUG 2022-04-29 13:43:55,106 - the_draw_1

DEBUG 2022-04-29 13:43:55,106 - current_player == P1
DEBUG 2022-04-29 13:43:55,106 - the_draw_2
DEBUG 2022-04-29 13:45:22,885 - main

DEBUG 2022-04-29 13:45:22,887 - setup

DEBUG 2022-04-29 13:45:23,096 - the_draw_1

DEBUG 2022-04-29 13:45:23,096 - current_player == P1
DEBUG 2022-04-29 13:45:23,099 - the_draw_2
DEBUG 2022-04-29 13:46:01,086 - main

DEBUG 2022-04-29 13:46:01,087 - setup

DEBUG 2022-04-29 13:46:01,293 - the_draw_1

DEBUG 2022-04-29 13:46:01,294 - current_player == P1
DEBUG 2022-04-29 13:46:01,294 - the_draw_2
DEBUG 2022-04-29 13:47:56,102 - main

DEBUG 2022-04-29 13:47:56,103 - setup

DEBUG 2022-04-29 13:47:56,305 - the_draw_1

DEBUG 2022-04-29 13:47:56,305 - current_player == P1
DEBUG 2022-04-29 13:47:56,307 - the_draw_2
DEBUG 2022-04-29 13:48:16,451 - main

DEBUG 2022-04-29 13:48:16,452 - setup

DEBUG 2022-04-29 13:48:34,181 - main

DEBUG 2022-04-29 13:48:34,182 - setup

DEBUG 2022-04-29 14:02:19,930 - main

DEBUG 2022-04-29 14:02:19,931 - setup

DEBUG 2022-04-29 14:03:52,087 - main

DEBUG 2022-04-29 14:03:52,087 - setup

DEBUG 2022-04-29 14:04:07,082 - main

DEBUG 2022-04-29 14:04:07,083 - setup

DEBUG 2022-04-29 14:05:48,403 - main

DEBUG 2022-04-29 14:05:48,404 - setup

DEBUG 2022-04-29 14:06:26,153 - main

DEBUG 2022-04-29 14:06:26,154 - setup

DEBUG 2022-04-29 14:08:07,176 - main

DEBUG 2022-04-29 14:08:07,177 - setup

DEBUG 2022-04-29 14:08:32,138 - main

DEBUG 2022-04-29 14:08:32,139 - setup

DEBUG 2022-04-29 14:09:18,838 - main

DEBUG 2022-04-29 14:09:18,839 - setup

DEBUG 2022-04-29 14:09:59,754 - main

DEBUG 2022-04-29 14:09:59,755 - setup

DEBUG 2022-04-29 14:11:39,805 - main

DEBUG 2022-04-29 14:11:39,806 - setup

DEBUG 2022-04-29 14:12:26,059 - main

DEBUG 2022-04-29 14:12:26,061 - setup

DEBUG 2022-04-29 14:14:44,437 - main

DEBUG 2022-04-29 14:14:44,438 - setup

DEBUG 2022-04-29 14:15:40,009 - main

DEBUG 2022-04-29 14:15:40,010 - setup

DEBUG 2022-04-29 14:16:35,131 - main

DEBUG 2022-04-29 14:16:35,132 - setup

DEBUG 2022-04-29 14:17:59,926 - main

DEBUG 2022-04-29 14:17:59,927 - setup

DEBUG 2022-04-29 14:18:49,036 - main

DEBUG 2022-04-29 14:18:49,037 - setup

DEBUG 2022-04-29 14:19:01,374 - main

DEBUG 2022-04-29 14:19:01,375 - setup

DEBUG 2022-04-29 14:19:15,231 - main

DEBUG 2022-04-29 14:19:15,232 - setup

DEBUG 2022-04-29 14:19:29,143 - main

DEBUG 2022-04-29 14:19:29,144 - setup

DEBUG 2022-04-29 14:22:55,180 - main

DEBUG 2022-04-29 14:22:55,181 - setup

DEBUG 2022-04-29 14:23:55,395 - main

DEBUG 2022-04-29 14:23:55,397 - setup

DEBUG 2022-04-29 14:26:40,580 - main

DEBUG 2022-04-29 14:26:40,582 - setup

DEBUG 2022-04-29 14:27:19,362 - main

DEBUG 2022-04-29 14:27:19,363 - setup

DEBUG 2022-04-29 14:39:11,072 - main

DEBUG 2022-04-29 14:39:11,073 - setup

DEBUG 2022-04-29 14:39:36,022 - main

DEBUG 2022-04-29 14:39:36,023 - setup

DEBUG 2022-04-29 14:40:03,705 - main

DEBUG 2022-04-29 14:40:03,706 - setup

DEBUG 2022-04-29 14:45:26,828 - main

DEBUG 2022-04-29 14:45:26,829 - setup

DEBUG 2022-04-29 14:48:15,626 - main

DEBUG 2022-04-29 14:48:15,627 - setup

DEBUG 2022-04-29 14:48:47,732 - main

DEBUG 2022-04-29 14:48:47,733 - setup

DEBUG 2022-04-29 14:49:43,225 - main

DEBUG 2022-04-29 14:49:43,226 - setup

DEBUG 2022-04-29 14:51:09,662 - main

DEBUG 2022-04-29 14:51:09,664 - setup

DEBUG 2022-04-29 14:52:04,168 - main

DEBUG 2022-04-29 14:52:04,169 - setup

DEBUG 2022-04-29 14:54:11,104 - main

DEBUG 2022-04-29 14:54:11,105 - setup

DEBUG 2022-04-29 14:56:31,089 - main

DEBUG 2022-04-29 14:56:31,090 - setup

DEBUG 2022-04-29 14:56:49,698 - main

DEBUG 2022-04-29 14:56:49,699 - setup

DEBUG 2022-04-29 14:58:01,195 - main

DEBUG 2022-04-29 14:58:01,196 - setup

DEBUG 2022-04-29 14:59:44,907 - main

DEBUG 2022-04-29 14:59:44,908 - setup

DEBUG 2022-04-29 15:00:52,606 - main

DEBUG 2022-04-29 15:00:52,607 - setup

DEBUG 2022-04-29 15:01:07,590 - main

DEBUG 2022-04-29 15:01:07,591 - setup

DEBUG 2022-04-29 15:03:25,128 - main

DEBUG 2022-04-29 15:03:25,128 - setup

DEBUG 2022-04-29 15:04:30,956 - main

DEBUG 2022-04-29 15:04:30,957 - setup

DEBUG 2022-04-29 15:05:05,729 - main

DEBUG 2022-04-29 15:05:05,730 - setup

DEBUG 2022-04-29 15:06:42,700 - main

DEBUG 2022-04-29 15:06:42,701 - setup

DEBUG 2022-04-29 15:07:41,947 - main

DEBUG 2022-04-29 15:07:41,948 - setup

DEBUG 2022-04-29 15:08:53,004 - main

DEBUG 2022-04-29 15:08:53,005 - setup

DEBUG 2022-04-29 15:12:29,181 - main

DEBUG 2022-04-29 15:12:29,182 - setup

DEBUG 2022-04-29 15:12:46,081 - main

DEBUG 2022-04-29 15:12:46,082 - setup

DEBUG 2022-04-29 15:14:44,812 - main

DEBUG 2022-04-29 15:14:44,814 - setup

DEBUG 2022-04-29 15:15:14,903 - main

DEBUG 2022-04-29 15:15:14,903 - setup

DEBUG 2022-04-29 15:16:40,592 - main

DEBUG 2022-04-29 15:16:40,593 - setup

DEBUG 2022-04-29 15:17:26,623 - main

DEBUG 2022-04-29 15:17:26,624 - setup

DEBUG 2022-04-29 15:21:45,314 - main

DEBUG 2022-04-29 15:21:45,315 - setup

DEBUG 2022-04-29 15:22:36,592 - main

DEBUG 2022-04-29 15:22:36,593 - setup

DEBUG 2022-04-29 15:23:33,799 - main

DEBUG 2022-04-29 15:23:33,800 - setup

